{"level":"info","timestamp":"2025-07-25T03:04:22.692+0800","caller":"cmd/main.go:35","msg":"Starting PaperPlay backend server..."}
{"level":"fatal","timestamp":"2025-07-25T03:04:22.694+0800","caller":"cmd/main.go:46","msg":"Failed to migrate database: failed to migrate database: field `created_at` not found in origin ddl, ddl= 'CREATE TABLE subjects (id                TEXT    PRIMARY KEY,name              TEXT    NOT NULL,description       TEXT,created_at        INTEGER NOT NULL,updated_at        INTEGER NOT NULL,`created_at` ?)'","stacktrace":"main.main\n\t/home/chris/myworld/git/paperplay/cmd/main.go:46\nruntime.main\n\t/usr/local/go/src/runtime/proc.go:283"}
{"level":"info","timestamp":"2025-07-25T03:05:48.411+0800","caller":"cmd/main.go:35","msg":"Starting PaperPlay backend server..."}
{"level":"fatal","timestamp":"2025-07-25T03:05:48.455+0800","caller":"cmd/main.go:51","msg":"Failed to create database indexes: failed to create index: no such table: main.user_progress","stacktrace":"main.main\n\t/home/chris/myworld/git/paperplay/cmd/main.go:51\nruntime.main\n\t/usr/local/go/src/runtime/proc.go:283"}
{"level":"info","timestamp":"2025-07-25T04:12:51.074+0800","caller":"cmd/main.go:34","msg":"Starting PaperPlay backend server..."}
{"level":"info","timestamp":"2025-07-25T04:12:51.109+0800","caller":"cmd/main.go:132","msg":"Server starting on port 8080"}
{"level":"warn","timestamp":"2025-07-25T04:13:08.050+0800","caller":"middleware/logger.go:123","msg":"HTTP Request","method":"GET","path":"/","ip":"::1","user_agent":"Mozilla/5.0 (X11; Linux x86_64) AppleWebKit/537.36 (KHTML, like Gecko) Chrome/138.0.0.0 Safari/537.36","status":404,"latency":0.000029307,"time":"2025-07-25 04:13:08"}
{"level":"warn","timestamp":"2025-07-25T04:13:08.409+0800","caller":"middleware/logger.go:123","msg":"HTTP Request","method":"GET","path":"/favicon.ico","ip":"::1","user_agent":"Mozilla/5.0 (X11; Linux x86_64) AppleWebKit/537.36 (KHTML, like Gecko) Chrome/138.0.0.0 Safari/537.36","status":404,"latency":0.000014406,"time":"2025-07-25 04:13:08"}
{"level":"info","timestamp":"2025-07-25T04:18:28.692+0800","caller":"cmd/main.go:143","msg":"Server shutting down..."}
{"level":"info","timestamp":"2025-07-25T04:18:28.692+0800","caller":"cmd/main.go:153","msg":"Server stopped"}
{"level":"info","timestamp":"2025-07-25T04:25:45.542+0800","caller":"cmd/main.go:36","msg":"Starting PaperPlay backend server..."}
{"level":"info","timestamp":"2025-07-25T04:25:45.557+0800","caller":"cmd/main.go:84","msg":"WebSocket hub started"}
{"level":"info","timestamp":"2025-07-25T04:25:45.557+0800","caller":"cron/jobs.go:74","msg":"Cron jobs started successfully"}
{"level":"info","timestamp":"2025-07-25T04:25:45.557+0800","caller":"cmd/main.go:166","msg":"Server starting on port 8080"}
{"level":"info","timestamp":"2025-07-25T04:25:54.824+0800","caller":"middleware/logger.go:125","msg":"HTTP Request","method":"GET","path":"/health","ip":"127.0.0.1","user_agent":"curl/8.5.0","status":200,"latency":0.000406419,"time":"2025-07-25 04:25:54"}
{"level":"info","timestamp":"2025-07-25T04:26:08.849+0800","caller":"middleware/logger.go:125","msg":"HTTP Request","method":"GET","path":"/metrics","ip":"127.0.0.1","user_agent":"curl/8.5.0","status":200,"latency":0.001601232,"time":"2025-07-25 04:26:08"}
{"level":"info","timestamp":"2025-07-25T04:26:14.573+0800","caller":"cmd/main.go:177","msg":"Server shutting down..."}
{"level":"info","timestamp":"2025-07-25T04:26:14.573+0800","caller":"cmd/main.go:187","msg":"Server stopped"}
{"level":"info","timestamp":"2025-07-25T04:26:14.573+0800","caller":"cron/jobs.go:84","msg":"Cron jobs stopped"}
{"level":"info","timestamp":"2025-07-25T04:27:12.906+0800","caller":"cmd/main.go:36","msg":"Starting PaperPlay backend server..."}
{"level":"info","timestamp":"2025-07-25T04:27:12.927+0800","caller":"cmd/main.go:84","msg":"WebSocket hub started"}
{"level":"info","timestamp":"2025-07-25T04:27:12.927+0800","caller":"cron/jobs.go:74","msg":"Cron jobs started successfully"}
{"level":"info","timestamp":"2025-07-25T04:27:12.927+0800","caller":"cmd/main.go:166","msg":"Server starting on port 8080"}
{"level":"info","timestamp":"2025-07-25T04:27:25.792+0800","caller":"middleware/logger.go:125","msg":"HTTP Request","method":"GET","path":"/health","ip":"::1","user_agent":"Mozilla/5.0 (X11; Linux x86_64) AppleWebKit/537.36 (KHTML, like Gecko) Chrome/138.0.0.0 Safari/537.36","status":200,"latency":0.000610327,"time":"2025-07-25 04:27:25"}
{"level":"info","timestamp":"2025-07-25T04:30:00.001+0800","caller":"cron/jobs.go:176","msg":"Starting achievement check job"}
{"level":"info","timestamp":"2025-07-25T04:30:00.002+0800","caller":"cron/jobs.go:209","msg":"Achievement check job completed","duration":0.00043967,"success_count":0,"error_count":0}
{"level":"info","timestamp":"2025-07-25T04:35:00.003+0800","caller":"cron/jobs.go:176","msg":"Starting achievement check job"}
{"level":"info","timestamp":"2025-07-25T04:35:00.004+0800","caller":"cron/jobs.go:209","msg":"Achievement check job completed","duration":0.000546049,"success_count":0,"error_count":0}
{"level":"info","timestamp":"2025-07-25T04:40:00.003+0800","caller":"cron/jobs.go:176","msg":"Starting achievement check job"}
{"level":"info","timestamp":"2025-07-25T04:40:00.004+0800","caller":"cron/jobs.go:209","msg":"Achievement check job completed","duration":0.000383772,"success_count":0,"error_count":0}
